# JRE version: OpenJDK Runtime Environment (8.0_152-b01) (build 1.8.0_152-release-1343-b01)
# Java VM: OpenJDK 64-Bit Server VM (25.152-b01 mixed mode windows-amd64 compressed oops)
Heap:
 PSYoungGen      total 221184K, used 162350K [0x00000000e0000000, 0x00000000f0980000, 0x0000000100000000)
  eden space 197120K, 70% used [0x00000000e0000000,0x00000000e870fe10,0x00000000ec080000)
  from space 24064K, 99% used [0x00000000ede00000,0x00000000ef57ba68,0x00000000ef580000)
  to   space 30208K, 0% used [0x00000000ec080000,0x00000000ec080000,0x00000000ede00000)
 ParOldGen       total 96256K, used 50507K [0x00000000a0000000, 0x00000000a5e00000, 0x00000000e0000000)
  object space 96256K, 52% used [0x00000000a0000000,0x00000000a3152f88,0x00000000a5e00000)
 Metaspace       used 87700K, capacity 91138K, committed 91224K, reserved 1128448K
  class space    used 11395K, capacity 12086K, committed 12160K, reserved 1048576K
GC Heap History (10 events):
Event: 37.978 GC heap before
{Heap before GC invocations=15 (full 2):
 PSYoungGen      total 169984K, used 53186K [0x00000000e0000000, 0x00000000eb780000, 0x0000000100000000)
  eden space 154112K, 26% used [0x00000000e0000000,0x00000000e27a91c8,0x00000000e9680000)
  from space 15872K, 79% used [0x00000000ea780000,0x00000000eb3c7680,0x00000000eb700000)
  to   space 16896K, 0% used [0x00000000e9680000,0x00000000e9680000,0x00000000ea700000)
 ParOldGen       total 58880K, used 29101K [0x00000000a0000000, 0x00000000a3980000, 0x00000000e0000000)
  object space 58880K, 49% used [0x00000000a0000000,0x00000000a1c6b548,0x00000000a3980000)
 Metaspace       used 57271K, capacity 58926K, committed 59028K, reserved 1099776K
  class space    used 7760K, capacity 8150K, committed 8192K, reserved 1048576K
Event: 38.007 GC heap after
Heap after GC invocations=15 (full 2):
 PSYoungGen      total 171008K, used 9347K [0x00000000e0000000, 0x00000000ed500000, 0x0000000100000000)
  eden space 154112K, 0% used [0x00000000e0000000,0x00000000e0000000,0x00000000e9680000)
  from space 16896K, 55% used [0x00000000e9680000,0x00000000e9fa0f28,0x00000000ea700000)
  to   space 16384K, 0% used [0x00000000ec500000,0x00000000ec500000,0x00000000ed500000)
 ParOldGen       total 58880K, used 29109K [0x00000000a0000000, 0x00000000a3980000, 0x00000000e0000000)
  object space 58880K, 49% used [0x00000000a0000000,0x00000000a1c6d548,0x00000000a3980000)
 Metaspace       used 57271K, capacity 58926K, committed 59028K, reserved 1099776K
  class space    used 7760K, capacity 8150K, committed 8192K, reserved 1048576K
}
Event: 38.007 GC heap before
{Heap before GC invocations=16 (full 3):
 PSYoungGen      total 171008K, used 9347K [0x00000000e0000000, 0x00000000ed500000, 0x0000000100000000)
  eden space 154112K, 0% used [0x00000000e0000000,0x00000000e0000000,0x00000000e9680000)
  from space 16896K, 55% used [0x00000000e9680000,0x00000000e9fa0f28,0x00000000ea700000)
  to   space 16384K, 0% used [0x00000000ec500000,0x00000000ec500000,0x00000000ed500000)
 ParOldGen       total 58880K, used 29109K [0x00000000a0000000, 0x00000000a3980000, 0x00000000e0000000)
  object space 58880K, 49% used [0x00000000a0000000,0x00000000a1c6d548,0x00000000a3980000)
 Metaspace       used 57271K, capacity 58926K, committed 59028K, reserved 1099776K
  class space    used 7760K, capacity 8150K, committed 8192K, reserved 1048576K
Event: 38.577 GC heap after
Heap after GC invocations=16 (full 3):
 PSYoungGen      total 171008K, used 0K [0x00000000e0000000, 0x00000000ed500000, 0x0000000100000000)
  eden space 154112K, 0% used [0x00000000e0000000,0x00000000e0000000,0x00000000e9680000)
  from space 16896K, 0% used [0x00000000e9680000,0x00000000e9680000,0x00000000ea700000)
  to   space 16384K, 0% used [0x00000000ec500000,0x00000000ec500000,0x00000000ed500000)
 ParOldGen       total 96256K, used 32294K [0x00000000a0000000, 0x00000000a5e00000, 0x00000000e0000000)
  object space 96256K, 33% used [0x00000000a0000000,0x00000000a1f89a18,0x00000000a5e00000)
 Metaspace       used 57250K, capacity 58864K, committed 59028K, reserved 1099776K
  class space    used 7754K, capacity 8139K, committed 8192K, reserved 1048576K
}
Event: 339.897 GC heap before
{Heap before GC invocations=17 (full 3):
 PSYoungGen      total 171008K, used 154112K [0x00000000e0000000, 0x00000000ed500000, 0x0000000100000000)
  eden space 154112K, 100% used [0x00000000e0000000,0x00000000e9680000,0x00000000e9680000)
  from space 16896K, 0% used [0x00000000e9680000,0x00000000e9680000,0x00000000ea700000)
  to   space 16384K, 0% used [0x00000000ec500000,0x00000000ec500000,0x00000000ed500000)
 ParOldGen       total 96256K, used 32294K [0x00000000a0000000, 0x00000000a5e00000, 0x00000000e0000000)
  object space 96256K, 33% used [0x00000000a0000000,0x00000000a1f89a18,0x00000000a5e00000)
 Metaspace       used 63100K, capacity 65258K, committed 65368K, reserved 1105920K
  class space    used 8304K, capacity 8770K, committed 8832K, reserved 1048576K
Event: 339.942 GC heap after
Heap after GC invocations=17 (full 3):
 PSYoungGen      total 189952K, used 12667K [0x00000000e0000000, 0x00000000ed180000, 0x0000000100000000)
  eden space 177152K, 0% used [0x00000000e0000000,0x00000000e0000000,0x00000000ead00000)
  from space 12800K, 98% used [0x00000000ec500000,0x00000000ed15eec0,0x00000000ed180000)
  to   space 17408K, 0% used [0x00000000eaf80000,0x00000000eaf80000,0x00000000ec080000)
 ParOldGen       total 96256K, used 32302K [0x00000000a0000000, 0x00000000a5e00000, 0x00000000e0000000)
  object space 96256K, 33% used [0x00000000a0000000,0x00000000a1f8ba18,0x00000000a5e00000)
 Metaspace       used 63100K, capacity 65258K, committed 65368K, reserved 1105920K
  class space    used 8304K, capacity 8770K, committed 8832K, reserved 1048576K
}
Event: 354.093 GC heap before
{Heap before GC invocations=18 (full 3):
 PSYoungGen      total 189952K, used 189819K [0x00000000e0000000, 0x00000000ed180000, 0x0000000100000000)
  eden space 177152K, 100% used [0x00000000e0000000,0x00000000ead00000,0x00000000ead00000)
  from space 12800K, 98% used [0x00000000ec500000,0x00000000ed15eec0,0x00000000ed180000)
  to   space 17408K, 0% used [0x00000000eaf80000,0x00000000eaf80000,0x00000000ec080000)
 ParOldGen       total 96256K, used 32302K [0x00000000a0000000, 0x00000000a5e00000, 0x00000000e0000000)
  object space 96256K, 33% used [0x00000000a0000000,0x00000000a1f8ba18,0x00000000a5e00000)
 Metaspace       used 75704K, capacity 78532K, committed 78680K, reserved 1118208K
  class space    used 9909K, capacity 10505K, committed 10624K, reserved 1048576K
Event: 354.196 GC heap after
Heap after GC invocations=18 (full 3):
 PSYoungGen      total 197120K, used 17405K [0x00000000e0000000, 0x00000000ef580000, 0x0000000100000000)
  eden space 179712K, 0% used [0x00000000e0000000,0x00000000e0000000,0x00000000eaf80000)
  from space 17408K, 99% used [0x00000000eaf80000,0x00000000ec07f5a8,0x00000000ec080000)
  to   space 24064K, 0% used [0x00000000ede00000,0x00000000ede00000,0x00000000ef580000)
 ParOldGen       total 96256K, used 43711K [0x00000000a0000000, 0x00000000a5e00000, 0x00000000e0000000)
  object space 96256K, 45% used [0x00000000a0000000,0x00000000a2aafc68,0x00000000a5e00000)
 Metaspace       used 75704K, capacity 78532K, committed 78680K, reserved 1118208K
  class space    used 9909K, capacity 10505K, committed 10624K, reserved 1048576K
}
Event: 364.062 GC heap before
{Heap before GC invocations=19 (full 3):
 PSYoungGen      total 197120K, used 197117K [0x00000000e0000000, 0x00000000ef580000, 0x0000000100000000)
  eden space 179712K, 100% used [0x00000000e0000000,0x00000000eaf80000,0x00000000eaf80000)
  from space 17408K, 99% used [0x00000000eaf80000,0x00000000ec07f5a8,0x00000000ec080000)
  to   space 24064K, 0% used [0x00000000ede00000,0x00000000ede00000,0x00000000ef580000)
 ParOldGen       total 96256K, used 43711K [0x00000000a0000000, 0x00000000a5e00000, 0x00000000e0000000)
  object space 96256K, 45% used [0x00000000a0000000,0x00000000a2aafc68,0x00000000a5e00000)
 Metaspace       used 83149K, capacity 86304K, committed 86488K, reserved 1124352K
  class space    used 10997K, capacity 11659K, committed 11776K, reserved 1048576K
Event: 364.217 GC heap after
Heap after GC invocations=19 (full 3):
 PSYoungGen      total 221184K, used 24046K [0x00000000e0000000, 0x00000000f0980000, 0x0000000100000000)
  eden space 197120K, 0% used [0x00000000e0000000,0x00000000e0000000,0x00000000ec080000)
  from space 24064K, 99% used [0x00000000ede00000,0x00000000ef57ba68,0x00000000ef580000)
  to   space 30208K, 0% used [0x00000000ec080000,0x00000000ec080000,0x00000000ede00000)
 ParOldGen       total 96256K, used 50507K [0x00000000a0000000, 0x00000000a5e00000, 0x00000000e0000000)
  object space 96256K, 52% used [0x00000000a0000000,0x00000000a3152f88,0x00000000a5e00000)
 Metaspace       used 83149K, capacity 86304K, committed 86488K, reserved 1124352K
  class space    used 10997K, capacity 11659K, committed 11776K, reserved 1048576K
}

